Unable to init server: Could not connect: Connection refused
Unable to init server: Could not connect: Connection refused

(main.py:3489754): Gdk-CRITICAL **: 15:24:04.029: gdk_cursor_new_for_display: assertion 'GDK_IS_DISPLAY (display)' failed

(main.py:3489754): Gdk-CRITICAL **: 15:24:04.030: gdk_cursor_new_for_display: assertion 'GDK_IS_DISPLAY (display)' failed
0
Unable to init server: Could not connect: Connection refused
Unable to init server: Could not connect: Connection refused

(main.py:3489786): Gdk-CRITICAL **: 15:24:59.508: gdk_cursor_new_for_display: assertion 'GDK_IS_DISPLAY (display)' failed

(main.py:3489786): Gdk-CRITICAL **: 15:24:59.509: gdk_cursor_new_for_display: assertion 'GDK_IS_DISPLAY (display)' failed
0
0
0
0
0
0
0
0
0
0
0
0
0
191
0
0
0
0
242
0
0
0
0
1936
0
0
0
0
0
1936
0
0
0
0
1936
0
0
0
0
0
1936
0
0
0
0
2593
0
191
191
191
191
2593
191
191
196
196
196
2593
196
242
242
242
2593
242
242
242
242
242
2593
242
242
1936
1936
4219
1936
1936
1936
1936
4219
1936
1936
1936
1936
1936
4648
1936
1936
1936
1936
4648
1936
1936
1936
1936
1936
4648
1936
1936
1936
1936
4648
1936
1936
1936
1936
4648
1936
1936
1936
1936
4648
1936
1936
1936
1936
2593
4648
2593
2593
2593
2593
4853
2593
0
0
4853
0
0
0
4853
0
0
0
0
4853
0
0
0
4853
0
0
0
6163
0
0
0
7808
0
0
0
0
8681
0
0
0
9256
0
0
0
0
9256
0
0
0
10
10704
131
259
259
259
259
10704
259
259
259
259
10704
259
259
551
551
1106
10704
1106
1885
1885
1885
10704
1885
1885
1885
1885
10704
1885
1885
1885
1885
1885
10704
1885
1885
1885
2314
2314
10704
2314
2314
2314
2314
2314
10704
2314
2314
2314
2314
11139
2314
2314
2314
2314
2314
11139
2314
2314
2314
2314
11139
2314
2314
2314
2314
11139
2314
2314
2314
2314
11945
2314
2314
2314
2314
2314
12699
2314
2314
2314
2314
12699
0
0
0
12699
0
0
0
12701
0
0
0
12701
0
0
0
0
12701
0
0
0
12778
0
0
0
12778
0
0
0
184
12778
1903
1903
1903
13163
1903
1903
1903
13163
1903
1903
1903
13163
1903
1903
1903
13163
1903
1903
1903
1903
13163
1903
1903
1903
13285
1903
1903
1903
13285
1903
1903
1903
1903
13285
1903
1903
1903
13285
1903
1903
1903
13285
1903
1903
1903
13285
1903
1903
1903
15549
1903
1903
1903
15985
1903
1903
1903
15985
1903
1903
1903
15985
1903
1903
1903
15985
1903
1903
1903
15985
1903
1903
1903
15985
1903
1903
1903
15985
1903
1903
1903
17564
1903
1903
1903
17564
1903
1903
1903
17564
1903
1903
1903
17564
1903
1903
1903
17564
1903
1903
1903
18426
18426
18426
18791
18791
18791
18791
21170
21170
21170
21170
21170
21346
21346
22497
23854
23854
23924
24727
24727
0
0
0
0
0
0
0
0
0
408
408
760
1081
1081
1081
1081
1081
1081
1081
1081
1081
1081
1081
1081
1081
1081
1081
1081
1081
1081
3478
3478
3478
3478
3478
3478
3478
3478
3478
3478
3478
3478
3736
4081
4081
4081
4081
4081
4081
4081
4081
4652
4652
4652
4652
4652
5361
5361
5488
8042
8471
12933
12933
12933
12933
12933
12933
12933
12933
12933
12933
13594
13594
13594
13594
13594
13594
13750
13750
14761
14761
15134
15134
15134
15134
15134
15134
15134
15134
15134
15134
15678
15678
15678
15704
15986
15986
15986
15986
15986
3371
3395
3395
3395
3395
3395
3395
3395
3395
3395
3395
3395
3395
3395
4315
4315
4315
5814
5822
7674
8478
8478
8685
8685
8685
8934
8969
8969
8969
8969
8969
8969
8969
8969
10467
10467
10467
10467
10467
10467
10467
10467
10467
10471
10562
12123
12123
12123
12123
12123
13193
14703
15133
15133
15133
16441
16441
16441
17841
18594
19410
20802
20802
25286
25286
25286
25286
25286
25597
25597
26449
28786
28841
28841
28841
28841
28841
28841
28841
28841
28841
28841
28841
29629
30766
30766
31609
31609
31609
31609
31609
31609
32400
32400
32400
32400
32400
32400
32534
32534
