Unable to init server: Could not connect: Connection refused
Unable to init server: Could not connect: Connection refused

(PhaseTransitionExperimentConfiguration.py:1724021): Gdk-CRITICAL **: 06:02:57.510: gdk_cursor_new_for_display: assertion 'GDK_IS_DISPLAY (display)' failed
creating boundary plot,  1603969678.5679684
finished boundary plot, doing garbage collection 1603969890.6250045
drawing other plots 1603969890.9640732
finished drawing other plots,  1603969894.847866
creating boundary plot,  1604219619.9636312
finished boundary plot, doing garbage collection 1604220450.5418453
drawing other plots 1604220451.0968723
finished drawing other plots,  1604220454.833262
creating boundary plot,  1604501660.4129195
finished boundary plot, doing garbage collection 1604503610.1104772
drawing other plots 1604503611.2319386
finished drawing other plots,  1604503616.5995119
creating boundary plot,  1604744985.6710017
finished boundary plot, doing garbage collection 1604747152.2108188
drawing other plots 1604747153.5681274
finished drawing other plots,  1604747157.4237616
false
false
false
false
false
false
false
false
false
false
false
false
false
false
false
false
false
false
false
false
false
false
false
false
false
false
false
false
false
false
false
false
false
false
false
false
false
false
false
false
false
false
false
false
false
false
false
false
false
false
false
false
creating boundary plot,  1604958395.8434231
finished boundary plot, doing garbage collection 1604961319.4388988
drawing other plots 1604961321.1577697
finished drawing other plots,  1604961324.8651717
false
false
false
false
false
false
false
false
false
false
false
false
false
false
false
false
false
false
false
false
false
false
false
false
false
false
false
false
false
false
false
false
false
false
false
false
false
false
false
false
false
false
false
false
false
false
false
false
false
false
false
false
false
false
false
false
false
false
false
false
false
false
false
false
false
false
false
false
false
false
false
false
false
false
false
false
false
false
false
false
false
false
false
false
false
false
false
false
false
false
false
false
false
false
false
false
false
false
false
false
creating boundary plot,  1605171994.607802
finished boundary plot, doing garbage collection 1605174581.2363682
drawing other plots 1605174582.9506772
finished drawing other plots,  1605174586.9341662
creating boundary plot,  1605387053.7268288
finished boundary plot, doing garbage collection 1605389832.3405497
drawing other plots 1605389834.3693225
finished drawing other plots,  1605389838.1396823
creating boundary plot,  1605602590.7602289
finished boundary plot, doing garbage collection 1605606132.967977
drawing other plots 1605606135.3222106
finished drawing other plots,  1605606139.3152423
creating boundary plot,  1605818203.9364474
finished boundary plot, doing garbage collection 1605823165.7991738
drawing other plots 1605823168.522171
finished drawing other plots,  1605823172.6233318
creating boundary plot,  1606036286.3079686
finished boundary plot, doing garbage collection 1606040188.2647982
drawing other plots 1606040192.5890489
finished drawing other plots,  1606040196.3596869
creating boundary plot,  1606253371.9366305
finished boundary plot, doing garbage collection 1606259677.2192895
drawing other plots 1606259681.7060452
finished drawing other plots,  1606259685.672206
creating boundary plot,  1606472507.9833589
finished boundary plot, doing garbage collection 1606479319.3653765
drawing other plots 1606479323.3337333
finished drawing other plots,  1606479327.3705509
creating boundary plot,  1606692553.6827502
finished boundary plot, doing garbage collection 1606699987.8323703
drawing other plots 1606699993.453273
finished drawing other plots,  1606699997.2935941
creating boundary plot,  1606913016.7835078
finished boundary plot, doing garbage collection 1606921819.6940637
drawing other plots 1606921825.6612988
finished drawing other plots,  1606921829.5266056
creating boundary plot,  1607135047.369195
finished boundary plot, doing garbage collection 1607143964.1709006
drawing other plots 1607143968.8783038
finished drawing other plots,  1607143972.722287
creating boundary plot,  1607356610.2368762
finished boundary plot, doing garbage collection 1607366009.4165606
drawing other plots 1607366015.6825118
finished drawing other plots,  1607366019.8583615
